#
# A fatal error has been detected by the Java Runtime Environment:
#
#  Internal Error (os_windows_x86.cpp:144), pid=18672, tid=0x0000000000003868
#  guarantee(result == EXCEPTION_CONTINUE_EXECUTION) failed: Unexpected result from topLevelExceptionFilter
#
# JRE version: Java(TM) SE Runtime Environment (8.0_201-b09) (build 1.8.0_201-b09)
# Java VM: Java HotSpot(TM) 64-Bit Server VM (25.201-b09 mixed mode windows-amd64 compressed oops)
# Failed to write core dump. Minidumps are not enabled by default on client versions of Windows
#
# If you would like to submit a bug report, please visit:
#   http://bugreport.java.com/bugreport/crash.jsp
# The crash happened outside the Java Virtual Machine in native code.
# See problematic frame for where to report the bug.
#

---------------  T H R E A D  ---------------

Current thread (0x000002153d562800):  JavaThread "Python Reference Queue" daemon [_thread_in_native, id=14440, stack(0x000000563c410000,0x000000563c600000)]

Stack: [0x000000563c410000,0x000000563c600000]
[error occurred during error reporting (printing stack bounds), id 0xc0000005]

Native frames: (J=compiled Java code, j=interpreted, Vv=VM code, C=native code)

Java frames: (J=compiled Java code, j=interpreted, Vv=VM code)
j  org.jpype.ref.JPypeReferenceNative.wake()V+0
j  org.jpype.ref.JPypeReferenceQueue$Worker.run()V+42
j  java.lang.Thread.run()V+11
v  ~StubRoutines::call_stub

---------------  P R O C E S S  ---------------

Java Threads: ( => current thread )
=>0x000002153d562800 JavaThread "Python Reference Queue" daemon [_thread_in_native, id=14440, stack(0x000000563c410000,0x000000563c600000)]
  0x000002153d3e3800 JavaThread "Service Thread" daemon [_thread_blocked, id=13068, stack(0x000000563c030000,0x000000563c220000)]
  0x000002153d35f800 JavaThread "C1 CompilerThread2" daemon [_thread_blocked, id=6184, stack(0x000000563be40000,0x000000563c030000)]
  0x000002153d359000 JavaThread "C2 CompilerThread1" daemon [_thread_blocked, id=12952, stack(0x000000563bc50000,0x000000563be40000)]
  0x000002153c33a800 JavaThread "C2 CompilerThread0" daemon [_thread_blocked, id=15540, stack(0x000000563ba60000,0x000000563bc50000)]
  0x000002153c2ee800 JavaThread "Attach Listener" daemon [_thread_blocked, id=11584, stack(0x000000563b870000,0x000000563ba60000)]
  0x000002153c2d8800 JavaThread "Signal Dispatcher" daemon [_thread_blocked, id=18892, stack(0x000000563b680000,0x000000563b870000)]
  0x0000021529fcb000 JavaThread "Finalizer" daemon [_thread_blocked, id=17504, stack(0x000000563b490000,0x000000563b680000)]
  0x0000021529fc2000 JavaThread "Reference Handler" daemon [_thread_blocked, id=3192, stack(0x000000563b2a0000,0x000000563b490000)]
  0x0000021529ed2800 JavaThread "main" [_thread_in_Java, id=17768, stack(0x0000005638800000,0x00000056389f0000)]

Other Threads:
  0x000002153c2a7800 VMThread [stack: 0x000000563b0b0000,0x000000563b2a0000] [id=9296]
  0x000002153d36d000 WatcherThread [stack: 0x000000563c220000,0x000000563c410000] [id=18676]

VM state:not at safepoint (normal execution)

VM Mutex/Monitor currently owned by a thread: None

heap address: 0x00000000c0000000, size: 1024 MB, Compressed Oops mode: 32-bit
Narrow klass base: 0x0000000000000000, Narrow klass shift: 3
Compressed class space size: 1073741824 Address: 0x0000000100000000

Heap:
 PSYoungGen      total 76288K, used 3932K [0x00000000eab00000, 0x00000000f0000000, 0x0000000100000000)
  eden space 65536K, 6% used [0x00000000eab00000,0x00000000eaed7118,0x00000000eeb00000)
  from space 10752K, 0% used [0x00000000eeb00000,0x00000000eeb00000,0x00000000ef580000)
  to   space 10752K, 0% used [0x00000000ef580000,0x00000000ef580000,0x00000000f0000000)
 ParOldGen       total 175104K, used 1088K [0x00000000c0000000, 0x00000000cab00000, 0x00000000eab00000)
  object space 175104K, 0% used [0x00000000c0000000,0x00000000c0110250,0x00000000cab00000)
 Metaspace       used 3777K, capacity 4670K, committed 4864K, reserved 1056768K
  class space    used 406K, capacity 434K, committed 512K, reserved 1048576K

Card table byte_map: [0x00000215393b0000,0x00000215395c0000] byte_map_base: 0x0000021538db0000

Marking Bits: (ParMarkBitMap*) 0x0000000059804ce0
 Begin Bits: [0x0000021539720000, 0x000002153a720000)
 End Bits:   [0x000002153a720000, 0x000002153b720000)

Polling page: 0x0000021529eb0000

CodeCache: size=245760Kb used=1678Kb max_used=1678Kb free=244081Kb
 bounds [0x0000021529ff0000, 0x000002152a260000, 0x0000021538ff0000]
 total_blobs=529 nmethods=268 adapters=174
 compilation: enabled

Compilation events (10 events):
Event: 0.544 Thread 0x000002153d35f800  255       3       org.jpype.manager.MethodResolution::isCovered (48 bytes)
Event: 0.544 Thread 0x000002153d35f800 nmethod 255 0x000002152a17edd0 code [0x000002152a17ef80, 0x000002152a17f510]
Event: 0.544 Thread 0x000002153d35f800  253       3       java.util.LinkedList::removeFirst (23 bytes)
Event: 0.544 Thread 0x000002153d35f800 nmethod 253 0x000002152a17e510 code [0x000002152a17e680, 0x000002152a17e8c0]
Event: 0.544 Thread 0x000002153d35f800  254       3       java.util.LinkedList::unlinkFirst (64 bytes)
Event: 0.545 Thread 0x000002153d35f800 nmethod 254 0x000002152a17e0d0 code [0x000002152a17e220, 0x000002152a17e458]
Event: 0.545 Thread 0x000002153d35f800  257       3       java.util.TreeMap$KeyIterator::next (8 bytes)
Event: 0.545 Thread 0x000002153d35f800 nmethod 257 0x000002152a17dc90 code [0x000002152a17de00, 0x000002152a17e010]
Event: 0.545 Thread 0x000002153d35f800  258       3       java.util.TreeMap$PrivateEntryIterator::nextEntry (54 bytes)
Event: 0.545 Thread 0x000002153d35f800 nmethod 258 0x000002152a17d610 code [0x000002152a17d7a0, 0x000002152a17daf0]

GC Heap History (4 events):
Event: 0.472 GC heap before
{Heap before GC invocations=1 (full 0):
 PSYoungGen      total 76288K, used 5242K [0x00000000eab00000, 0x00000000f0000000, 0x0000000100000000)
  eden space 65536K, 8% used [0x00000000eab00000,0x00000000eb01eba8,0x00000000eeb00000)
  from space 10752K, 0% used [0x00000000ef580000,0x00000000ef580000,0x00000000f0000000)
  to   space 10752K, 0% used [0x00000000eeb00000,0x00000000eeb00000,0x00000000ef580000)
 ParOldGen       total 175104K, used 0K [0x00000000c0000000, 0x00000000cab00000, 0x00000000eab00000)
  object space 175104K, 0% used [0x00000000c0000000,0x00000000c0000000,0x00000000cab00000)
 Metaspace       used 3652K, capacity 4662K, committed 4864K, reserved 1056768K
  class space    used 397K, capacity 426K, committed 512K, reserved 1048576K
Event: 0.473 GC heap after
Heap after GC invocations=1 (full 0):
 PSYoungGen      total 76288K, used 1161K [0x00000000eab00000, 0x00000000f0000000, 0x0000000100000000)
  eden space 65536K, 0% used [0x00000000eab00000,0x00000000eab00000,0x00000000eeb00000)
  from space 10752K, 10% used [0x00000000eeb00000,0x00000000eec22610,0x00000000ef580000)
  to   space 10752K, 0% used [0x00000000ef580000,0x00000000ef580000,0x00000000f0000000)
 ParOldGen       total 175104K, used 8K [0x00000000c0000000, 0x00000000cab00000, 0x00000000eab00000)
  object space 175104K, 0% used [0x00000000c0000000,0x00000000c0002000,0x00000000cab00000)
 Metaspace       used 3652K, capacity 4662K, committed 4864K, reserved 1056768K
  class space    used 397K, capacity 426K, committed 512K, reserved 1048576K
}
Event: 0.473 GC heap before
{Heap before GC invocations=2 (full 1):
 PSYoungGen      total 76288K, used 1161K [0x00000000eab00000, 0x00000000f0000000, 0x0000000100000000)
  eden space 65536K, 0% used [0x00000000eab00000,0x00000000eab00000,0x00000000eeb00000)
  from space 10752K, 10% used [0x00000000eeb00000,0x00000000eec22610,0x00000000ef580000)
  to   space 10752K, 0% used [0x00000000ef580000,0x00000000ef580000,0x00000000f0000000)
 ParOldGen       total 175104K, used 8K [0x00000000c0000000, 0x00000000cab00000, 0x00000000eab00000)
  object space 175104K, 0% used [0x00000000c0000000,0x00000000c0002000,0x00000000cab00000)
 Metaspace       used 3652K, capacity 4662K, committed 4864K, reserved 1056768K
  class space    used 397K, capacity 426K, committed 512K, reserved 1048576K
Event: 0.482 GC heap after
Heap after GC invocations=2 (full 1):
 PSYoungGen      total 76288K, used 0K [0x00000000eab00000, 0x00000000f0000000, 0x0000000100000000)
  eden space 65536K, 0% used [0x00000000eab00000,0x00000000eab00000,0x00000000eeb00000)
  from space 10752K, 0% used [0x00000000eeb00000,0x00000000eeb00000,0x00000000ef580000)
  to   space 10752K, 0% used [0x00000000ef580000,0x00000000ef580000,0x00000000f0000000)
 ParOldGen       total 175104K, used 1088K [0x00000000c0000000, 0x00000000cab00000, 0x00000000eab00000)
  object space 175104K, 0% used [0x00000000c0000000,0x00000000c0110250,0x00000000cab00000)
 Metaspace       used 3652K, capacity 4662K, committed 4864K, reserved 1056768K
  class space    used 397K, capacity 426K, committed 512K, reserved 1048576K
}

Deoptimization events (0 events):
No events

Classes redefined (0 events):
No events

Internal exceptions (9 events):
Event: 0.087 Thread 0x0000021529ed2800 Exception <a 'java/lang/NoSuchMethodError': Method sun.misc.Unsafe.defineClass(Ljava/lang/String;[BII)Ljava/lang/Class; name or signature does not match> (0x00000000eab07cb0) thrown at [C:\re\workspace\8-2-build-windows-amd64-cygwin\jdk8u201\12322\hotspot
Event: 0.088 Thread 0x0000021529ed2800 Exception <a 'java/lang/NoSuchMethodError': Method sun.misc.Unsafe.prefetchRead(Ljava/lang/Object;J)V name or signature does not match> (0x00000000eab07f98) thrown at [C:\re\workspace\8-2-build-windows-amd64-cygwin\jdk8u201\12322\hotspot\src\share\vm\prim
Event: 0.197 Thread 0x0000021529ed2800 Exception <a 'java/io/IOException'> (0x00000000eaba2150) thrown at [C:\re\workspace\8-2-build-windows-amd64-cygwin\jdk8u201\12322\hotspot\src\share\vm\prims\jni.cpp, line 709]
Event: 0.200 Thread 0x0000021529ed2800 Exception <a 'java/io/IOException'> (0x00000000eaba9e40) thrown at [C:\re\workspace\8-2-build-windows-amd64-cygwin\jdk8u201\12322\hotspot\src\share\vm\prims\jni.cpp, line 709]
Event: 0.228 Thread 0x0000021529ed2800 Exception <a 'java/security/PrivilegedActionException'> (0x00000000eabbe9a0) thrown at [C:\re\workspace\8-2-build-windows-amd64-cygwin\jdk8u201\12322\hotspot\src\share\vm\prims\jvm.cpp, line 1502]
Event: 0.229 Thread 0x0000021529ed2800 Exception <a 'java/security/PrivilegedActionException'> (0x00000000eabbebb0) thrown at [C:\re\workspace\8-2-build-windows-amd64-cygwin\jdk8u201\12322\hotspot\src\share\vm\prims\jvm.cpp, line 1502]
Event: 0.254 Thread 0x0000021529ed2800 Exception <a 'java/security/PrivilegedActionException'> (0x00000000eac38cd0) thrown at [C:\re\workspace\8-2-build-windows-amd64-cygwin\jdk8u201\12322\hotspot\src\share\vm\prims\jvm.cpp, line 1502]
Event: 0.254 Thread 0x0000021529ed2800 Exception <a 'java/security/PrivilegedActionException'> (0x00000000eac38ee0) thrown at [C:\re\workspace\8-2-build-windows-amd64-cygwin\jdk8u201\12322\hotspot\src\share\vm\prims\jvm.cpp, line 1502]
Event: 0.254 Thread 0x0000021529ed2800 Exception <a 'java/lang/NoClassDefFoundError': org/jpype/classloader/DynamicClassLoader> (0x00000000eac39378) thrown at [C:\re\workspace\8-2-build-windows-amd64-cygwin\jdk8u201\12322\hotspot\src\share\vm\classfile\systemDictionary.cpp, line 199]

Events (10 events):
Event: 0.457 loading class java/lang/Character$UnicodeBlock
Event: 0.458 loading class java/lang/Character$UnicodeBlock done
Event: 0.458 loading class java/lang/Character$UnicodeScript
Event: 0.458 loading class java/lang/Character$UnicodeScript done
Event: 0.471 loading class java/io/ObjectStreamException
Event: 0.471 loading class java/io/ObjectStreamException done
Event: 0.472 Executing VM operation: ParallelGCSystemGC
Event: 0.482 Executing VM operation: ParallelGCSystemGC done
Event: 0.545 loading class java/lang/Short$ShortCache
Event: 0.545 loading class java/lang/Short$ShortCache done


Dynamic libraries:
0x00007ff7867c0000 - 0x00007ff7867dc000 	C:\Users\Playdata\anaconda3\python.exe
0x00007ffcae570000 - 0x00007ffcae765000 	C:\WINDOWS\SYSTEM32\ntdll.dll
0x00007ffcadc20000 - 0x00007ffcadcdd000 	C:\WINDOWS\System32\KERNEL32.DLL
0x00007ffcabdb0000 - 0x00007ffcac079000 	C:\WINDOWS\System32\KERNELBASE.dll
0x00007ffcabcb0000 - 0x00007ffcabdb0000 	C:\WINDOWS\System32\ucrtbase.dll
0x00007ffca0d10000 - 0x00007ffca0d25000 	C:\Users\Playdata\anaconda3\VCRUNTIME140.dll
0x00007ffc6f290000 - 0x00007ffc6f6c2000 	C:\Users\Playdata\anaconda3\python38.dll
0x00007ffcae2d0000 - 0x00007ffcae325000 	C:\WINDOWS\System32\SHLWAPI.dll
0x00007ffcad580000 - 0x00007ffcad61e000 	C:\WINDOWS\System32\msvcrt.dll
0x00007ffcadea0000 - 0x00007ffcadf0b000 	C:\WINDOWS\System32\WS2_32.dll
0x00007ffcada20000 - 0x00007ffcadb4b000 	C:\WINDOWS\System32\RPCRT4.dll
0x00007ffc9fc20000 - 0x00007ffc9fc2a000 	C:\WINDOWS\SYSTEM32\VERSION.dll
0x00007ffcadfd0000 - 0x00007ffcae07c000 	C:\WINDOWS\System32\ADVAPI32.dll
0x00007ffcad1c0000 - 0x00007ffcad25c000 	C:\WINDOWS\System32\sechost.dll
0x00007ffcab690000 - 0x00007ffcab6a8000 	C:\WINDOWS\SYSTEM32\CRYPTSP.dll
0x00007ffcaad90000 - 0x00007ffcaadc4000 	C:\WINDOWS\system32\rsaenh.dll
0x00007ffcac2b0000 - 0x00007ffcac2d7000 	C:\WINDOWS\System32\bcrypt.dll
0x00007ffcab5c0000 - 0x00007ffcab5cc000 	C:\WINDOWS\SYSTEM32\CRYPTBASE.dll
0x00007ffcac2e0000 - 0x00007ffcac360000 	C:\WINDOWS\System32\bcryptPrimitives.dll
0x00007ffca33b0000 - 0x00007ffca33bf000 	C:\Users\Playdata\anaconda3\python3.DLL
0x00007ffc91250000 - 0x00007ffc91267000 	C:\Users\Playdata\anaconda3\DLLs\_bz2.pyd
0x00007ffc910b0000 - 0x00007ffc910da000 	C:\Users\Playdata\anaconda3\DLLs\_lzma.pyd
0x00007ffc90ee0000 - 0x00007ffc90f00000 	C:\Users\Playdata\anaconda3\DLLs\_ctypes.pyd
0x00007ffcadd70000 - 0x00007ffcade9a000 	C:\WINDOWS\System32\ole32.dll
0x00007ffcad650000 - 0x00007ffcad9a5000 	C:\WINDOWS\System32\combase.dll
0x00007ffcac5d0000 - 0x00007ffcac5fa000 	C:\WINDOWS\System32\GDI32.dll
0x00007ffcac130000 - 0x00007ffcac152000 	C:\WINDOWS\System32\win32u.dll
0x00007ffcac360000 - 0x00007ffcac46b000 	C:\WINDOWS\System32\gdi32full.dll
0x00007ffcac160000 - 0x00007ffcac1fd000 	C:\WINDOWS\System32\msvcp_win.dll
0x00007ffcae390000 - 0x00007ffcae530000 	C:\WINDOWS\System32\USER32.dll
0x00007ffc9c460000 - 0x00007ffc9c46b000 	C:\Users\Playdata\anaconda3\DLLs\libffi-7.dll
0x00007ffcadb50000 - 0x00007ffcadc1d000 	C:\WINDOWS\System32\OLEAUT32.dll
0x00007ffcad4f0000 - 0x00007ffcad520000 	C:\WINDOWS\System32\IMM32.DLL
0x00007ffcaca70000 - 0x00007ffcad1b2000 	C:\WINDOWS\System32\shell32.DLL
0x00007ffca3370000 - 0x00007ffca337d000 	C:\Users\Playdata\anaconda3\DLLs\_hashlib.pyd
0x00007ffc6ef40000 - 0x00007ffc6f28a000 	C:\Users\Playdata\anaconda3\Library\bin\libcrypto-1_1-x64.dll
0x00007ffc8bd60000 - 0x00007ffc8bd77000 	C:\Users\Playdata\anaconda3\DLLs\_sqlite3.pyd
0x00007ffc71790000 - 0x00007ffc7190f000 	C:\Users\Playdata\anaconda3\Library\bin\sqlite3.dll
0x00007ffc91230000 - 0x00007ffc91246000 	C:\Users\Playdata\anaconda3\DLLs\_socket.pyd
0x00007ffcab100000 - 0x00007ffcab13b000 	C:\WINDOWS\SYSTEM32\IPHLPAPI.DLL
0x00007ffca3230000 - 0x00007ffca3239000 	C:\Users\Playdata\anaconda3\DLLs\select.pyd
0x00007ffc8c6e0000 - 0x00007ffc8c707000 	C:\Users\Playdata\anaconda3\DLLs\_ssl.pyd
0x00007ffcac470000 - 0x00007ffcac5cf000 	C:\WINDOWS\System32\CRYPT32.dll
0x00007ffc82630000 - 0x00007ffc826dc000 	C:\Users\Playdata\anaconda3\Library\bin\libssl-1_1-x64.dll
0x00007ffc90a20000 - 0x00007ffc90a32000 	C:\Users\Playdata\anaconda3\DLLs\_asyncio.pyd
0x00007ffc918a0000 - 0x00007ffc918ad000 	C:\Users\Playdata\anaconda3\DLLs\_overlapped.pyd
0x00007ffcab440000 - 0x00007ffcab4aa000 	C:\WINDOWS\system32\mswsock.dll
0x00007ffc727f0000 - 0x00007ffc728fe000 	C:\Users\Playdata\anaconda3\DLLs\unicodedata.pyd
0x00007ffca1280000 - 0x00007ffca1289000 	C:\Users\Playdata\anaconda3\DLLs\_queue.pyd
0x00007ffc90990000 - 0x00007ffc909a6000 	C:\Users\Playdata\anaconda3\lib\site-packages\zmq\backend\cython\constants.cp38-win_amd64.pyd
0x00007ffc91880000 - 0x00007ffc9188c000 	C:\Users\Playdata\anaconda3\lib\site-packages\zmq\backend\cython\error.cp38-win_amd64.pyd
0x00007ffc8a420000 - 0x00007ffc8a492000 	C:\Users\Playdata\anaconda3\Library\bin\libzmq-mt-4_3_2.dll
0x00007ffc9fa90000 - 0x00007ffc9fb22000 	C:\WINDOWS\SYSTEM32\MSVCP140.dll
0x00007ffc9f910000 - 0x00007ffc9f91c000 	C:\WINDOWS\SYSTEM32\VCRUNTIME140_1.dll
0x00007ffc8a240000 - 0x00007ffc8a28f000 	C:\Users\Playdata\anaconda3\Library\bin\libsodium.dll
0x00007ffc90930000 - 0x00007ffc90949000 	C:\Users\Playdata\anaconda3\lib\site-packages\zmq\backend\cython\message.cp38-win_amd64.pyd
0x00007ffc8c660000 - 0x00007ffc8c674000 	C:\Users\Playdata\anaconda3\lib\site-packages\zmq\backend\cython\context.cp38-win_amd64.pyd
0x00007ffc8be10000 - 0x00007ffc8be34000 	C:\Users\Playdata\anaconda3\lib\site-packages\zmq\backend\cython\socket.cp38-win_amd64.pyd
0x00007ffc916a0000 - 0x00007ffc916ae000 	C:\Users\Playdata\anaconda3\lib\site-packages\zmq\backend\cython\utils.cp38-win_amd64.pyd
0x00007ffc8bee0000 - 0x00007ffc8bef4000 	C:\Users\Playdata\anaconda3\lib\site-packages\zmq\backend\cython\_poll.cp38-win_amd64.pyd
0x00007ffc911b0000 - 0x00007ffc911bc000 	C:\Users\Playdata\anaconda3\lib\site-packages\zmq\backend\cython\_version.cp38-win_amd64.pyd
0x00007ffc8bd80000 - 0x00007ffc8bd92000 	C:\Users\Playdata\anaconda3\lib\site-packages\zmq\backend\cython\_device.cp38-win_amd64.pyd
0x00007ffc90f90000 - 0x00007ffc90fa0000 	C:\Users\Playdata\anaconda3\lib\site-packages\zmq\backend\cython\_proxy_steerable.cp38-win_amd64.pyd
0x00007ffc8a8a0000 - 0x00007ffc8a8e3000 	C:\Users\Playdata\anaconda3\DLLs\_decimal.pyd
0x00007ffc9c860000 - 0x00007ffc9c867000 	C:\Users\Playdata\anaconda3\lib\site-packages\tornado\speedups.cp38-win_amd64.pyd
0x00007ffcaa5a0000 - 0x00007ffcaa5b2000 	C:\WINDOWS\SYSTEM32\kernel.appcore.dll
0x00007ffcad620000 - 0x00007ffcad628000 	C:\WINDOWS\System32\NSI.dll
0x00007ffca2580000 - 0x00007ffca2597000 	C:\WINDOWS\SYSTEM32\dhcpcsvc6.DLL
0x00007ffca2f70000 - 0x00007ffca2f8d000 	C:\WINDOWS\SYSTEM32\dhcpcsvc.DLL
0x00007ffcab140000 - 0x00007ffcab20b000 	C:\WINDOWS\SYSTEM32\DNSAPI.dll
0x00000000598c0000 - 0x00000000598e4000 	C:\Users\Playdata\anaconda3\lib\site-packages\win32\win32api.pyd
0x0000000059890000 - 0x00000000598b7000 	C:\Users\Playdata\anaconda3\lib\site-packages\win32\pywintypes38.dll
0x00007ffc9f900000 - 0x00007ffc9f90c000 	C:\WINDOWS\SYSTEM32\secur32.dll
0x00007ffcabb70000 - 0x00007ffcabbac000 	C:\WINDOWS\SYSTEM32\SSPICLI.DLL
0x0000000058ed0000 - 0x0000000058ef7000 	C:\Users\Playdata\anaconda3\lib\site-packages\win32\win32security.pyd
0x00007ffca0360000 - 0x00007ffca0378000 	C:\WINDOWS\SYSTEM32\NETAPI32.dll
0x00007ffcab210000 - 0x00007ffcab21c000 	C:\WINDOWS\SYSTEM32\NETUTILS.DLL
0x0000021520d50000 - 0x0000021520d53000 	C:\WINDOWS\SYSTEM32\security.dll
0x00007ffc911e0000 - 0x00007ffc9120a000 	C:\WINDOWS\SYSTEM32\ntdsapi.dll
0x00007ffcab270000 - 0x00007ffcab2b2000 	C:\WINDOWS\SYSTEM32\LOGONCLI.DLL
0x00007ffc91620000 - 0x00007ffc9164d000 	C:\Users\Playdata\anaconda3\DLLs\_elementtree.pyd
0x00007ffca0db0000 - 0x00007ffca0de1000 	C:\Users\Playdata\anaconda3\DLLs\pyexpat.pyd
0x00007ffca5910000 - 0x00007ffca5917000 	C:\Users\Playdata\anaconda3\lib\site-packages\mkl\_mklinit.cp38-win_amd64.pyd
0x00007ffc6c1e0000 - 0x00007ffc6d23d000 	C:\Users\Playdata\anaconda3\Library\bin\mkl_rt.dll
0x00007ffc91790000 - 0x00007ffc917b1000 	C:\Users\Playdata\anaconda3\lib\site-packages\mkl\_py_mkl_service.cp38-win_amd64.pyd
0x00007ffc6ff60000 - 0x00007ffc70229000 	C:\Users\Playdata\anaconda3\lib\site-packages\numpy\core\_multiarray_umath.cp38-win_amd64.pyd
0x00007ffca1350000 - 0x00007ffca136f000 	C:\Users\Playdata\anaconda3\lib\site-packages\numpy\core\_multiarray_tests.cp38-win_amd64.pyd
0x00007ffca48c0000 - 0x00007ffca48c9000 	C:\Users\Playdata\anaconda3\lib\site-packages\numpy\linalg\lapack_lite.cp38-win_amd64.pyd
0x00007ffc90db0000 - 0x00007ffc90dda000 	C:\Users\Playdata\anaconda3\lib\site-packages\numpy\linalg\_umath_linalg.cp38-win_amd64.pyd
0x00007ffca1290000 - 0x00007ffca12b0000 	C:\Users\Playdata\anaconda3\lib\site-packages\numpy\fft\_pocketfft_internal.cp38-win_amd64.pyd
0x00007ffc90b90000 - 0x00007ffc90c20000 	C:\Users\Playdata\anaconda3\lib\site-packages\numpy\random\mtrand.cp38-win_amd64.pyd
0x00007ffc90d80000 - 0x00007ffc90da9000 	C:\Users\Playdata\anaconda3\lib\site-packages\numpy\random\bit_generator.cp38-win_amd64.pyd
0x00007ffc909c0000 - 0x00007ffc909f2000 	C:\Users\Playdata\anaconda3\lib\site-packages\numpy\random\_common.cp38-win_amd64.pyd
0x00007ffc8b5d0000 - 0x00007ffc8b610000 	C:\Users\Playdata\anaconda3\lib\site-packages\numpy\random\_bounded_integers.cp38-win_amd64.pyd
0x00007ffca1210000 - 0x00007ffca1228000 	C:\Users\Playdata\anaconda3\lib\site-packages\numpy\random\_mt19937.cp38-win_amd64.pyd
0x00007ffc917d0000 - 0x00007ffc917e7000 	C:\Users\Playdata\anaconda3\lib\site-packages\numpy\random\_philox.cp38-win_amd64.pyd
0x00007ffc911c0000 - 0x00007ffc911d5000 	C:\Users\Playdata\anaconda3\lib\site-packages\numpy\random\_pcg64.cp38-win_amd64.pyd
0x00007ffc90d60000 - 0x00007ffc90d72000 	C:\Users\Playdata\anaconda3\lib\site-packages\numpy\random\_sfc64.cp38-win_amd64.pyd
0x00007ffc845b0000 - 0x00007ffc84655000 	C:\Users\Playdata\anaconda3\lib\site-packages\numpy\random\_generator.cp38-win_amd64.pyd
0x00007ffc3fff0000 - 0x00007ffc42dbd000 	C:\Users\Playdata\anaconda3\Library\bin\mkl_intel_thread.dll
0x00007ffc3b850000 - 0x00007ffc3ffea000 	C:\Users\Playdata\anaconda3\Library\bin\mkl_core.dll
0x00007ffc39060000 - 0x00007ffc3b842000 	C:\Users\Playdata\anaconda3\Library\bin\mkl_avx2.dll
0x00007ffc6b370000 - 0x00007ffc6c1dd000 	C:\Users\Playdata\anaconda3\Library\bin\mkl_vml_avx2.dll
0x00007ffc90b70000 - 0x00007ffc90b84000 	C:\Users\Playdata\anaconda3\lib\site-packages\scipy\_lib\_ccallback_c.cp38-win_amd64.pyd
0x00007ffca3b90000 - 0x00007ffca3ba0000 	C:\Users\Playdata\anaconda3\lib\site-packages\scipy\_lib\_uarray\_uarray.cp38-win_amd64.pyd
0x00007ffc840d0000 - 0x00007ffc8415f000 	C:\Users\Playdata\anaconda3\lib\site-packages\scipy\fft\_pocketfft\pypocketfft.cp38-win_amd64.pyd
0x00007ffc732e0000 - 0x00007ffc734f9000 	C:\Users\Playdata\anaconda3\lib\site-packages\scipy\sparse\_sparsetools.cp38-win_amd64.pyd
0x00007ffc80290000 - 0x00007ffc8030f000 	C:\Users\Playdata\anaconda3\lib\site-packages\scipy\sparse\_csparsetools.cp38-win_amd64.pyd
0x00007ffc89b10000 - 0x00007ffc89b64000 	C:\Users\Playdata\anaconda3\lib\site-packages\scipy\sparse\csgraph\_shortest_path.cp38-win_amd64.pyd
0x00007ffc8a000000 - 0x00007ffc8a023000 	C:\Users\Playdata\anaconda3\lib\site-packages\scipy\sparse\csgraph\_tools.cp38-win_amd64.pyd
0x00007ffc898e0000 - 0x00007ffc89901000 	C:\Users\Playdata\anaconda3\lib\site-packages\scipy\sparse\csgraph\_traversal.cp38-win_amd64.pyd
0x00007ffc897c0000 - 0x00007ffc897eb000 	C:\Users\Playdata\anaconda3\lib\site-packages\scipy\sparse\csgraph\_min_spanning_tree.cp38-win_amd64.pyd
0x00007ffc895a0000 - 0x00007ffc895d6000 	C:\Users\Playdata\anaconda3\lib\site-packages\scipy\sparse\csgraph\_flow.cp38-win_amd64.pyd
0x00007ffc840a0000 - 0x00007ffc840cd000 	C:\Users\Playdata\anaconda3\lib\site-packages\scipy\sparse\csgraph\_matching.cp38-win_amd64.pyd
0x00007ffc81de0000 - 0x00007ffc81e18000 	C:\Users\Playdata\anaconda3\lib\site-packages\scipy\sparse\csgraph\_reordering.cp38-win_amd64.pyd
0x00007ffc78d20000 - 0x00007ffc78da8000 	C:\Users\Playdata\anaconda3\lib\site-packages\scipy\spatial\ckdtree.cp38-win_amd64.pyd
0x00007ffc78c50000 - 0x00007ffc78d20000 	C:\Users\Playdata\anaconda3\lib\site-packages\scipy\spatial\qhull.cp38-win_amd64.pyd
0x00007ffca3800000 - 0x00007ffca380f000 	C:\Users\Playdata\anaconda3\lib\site-packages\scipy\_lib\messagestream.cp38-win_amd64.pyd
0x00007ffc7b4a0000 - 0x00007ffc7b4c9000 	C:\Users\Playdata\anaconda3\lib\site-packages\scipy\spatial\_voronoi.cp38-win_amd64.pyd
0x00007ffc75c10000 - 0x00007ffc75ca2000 	C:\Users\Playdata\anaconda3\lib\site-packages\scipy\linalg\_fblas.cp38-win_amd64.pyd
0x00007ffc72f70000 - 0x00007ffc7312e000 	C:\Users\Playdata\anaconda3\lib\site-packages\scipy\linalg\_flapack.cp38-win_amd64.pyd
0x00007ffc8a400000 - 0x00007ffc8a412000 	C:\Users\Playdata\anaconda3\lib\site-packages\scipy\linalg\_flinalg.cp38-win_amd64.pyd
0x00007ffc7b400000 - 0x00007ffc7b434000 	C:\Users\Playdata\anaconda3\lib\site-packages\scipy\linalg\_solve_toeplitz.cp38-win_amd64.pyd
0x00007ffc7a0a0000 - 0x00007ffc7a0df000 	C:\Users\Playdata\anaconda3\lib\site-packages\scipy\linalg\_decomp_update.cp38-win_amd64.pyd
0x00007ffc78c10000 - 0x00007ffc78c4e000 	C:\Users\Playdata\anaconda3\lib\site-packages\scipy\linalg\cython_blas.cp38-win_amd64.pyd
0x00007ffc72ec0000 - 0x00007ffc72f63000 	C:\Users\Playdata\anaconda3\lib\site-packages\scipy\linalg\cython_lapack.cp38-win_amd64.pyd
0x00007ffc84530000 - 0x00007ffc8454a000 	C:\Users\Playdata\anaconda3\lib\site-packages\scipy\spatial\_distance_wrap.cp38-win_amd64.pyd
0x00007ffc7b3d0000 - 0x00007ffc7b3fa000 	C:\Users\Playdata\anaconda3\lib\site-packages\scipy\spatial\_hausdorff.cp38-win_amd64.pyd

VM Arguments:
jvm_args: -Dfile.encoding=UTF8 -ea -Xmx1024m 
java_command: <unknown>
java_class_path (initial): C:\Users\Playdata\anaconda3\Lib\site-packages\konlpy\java;C:\Users\Playdata\anaconda3\Lib\site-packages\konlpy\java\bin;C:\Users\Playdata\anaconda3\Lib\site-packages\konlpy\java\*;C:\Users\Playdata\anaconda3\Lib\site-packages\konlpy\java\jhannanum-0.8.4.jar;C:\Users\Playdata\anaconda3\Lib\site-packages\konlpy\java\kkma-2.0.jar;C:\Users\Playdata\anaconda3\Lib\site-packages\konlpy\java\aho-corasick.jar;C:\Users\Playdata\anaconda3\Lib\site-packages\konlpy\java\shineware-common-1.0.jar;C:\Users\Playdata\anaconda3\Lib\site-packages\konlpy\java\shineware-ds-1.0.jar;C:\Users\Playdata\anaconda3\Lib\site-packages\konlpy\java\komoran-3.0.jar;C:\Users\Playdata\anaconda3\Lib\site-packages\konlpy\java\snakeyaml-1.12.jar;C:\Users\Playdata\anaconda3\Lib\site-packages\konlpy\java\scala-library-2.12.3.jar;C:\Users\Playdata\anaconda3\Lib\site-packages\konlpy\java\open-korean-text-2.1.0.jar;C:\Users\Playdata\anaconda3\Lib\site-packages\konlpy\java\twitter-text-1.14.7.jar;C:\Users\Playdata\anaconda3\Lib\site-packages\konlpy\java\*
Launcher Type: generic

Environment Variables:
JAVA_HOME=C:\Program Files\Java\jdk1.8.0_201
PATH=C:\Users\Playdata\anaconda3;C:\Users\Playdata\anaconda3\Library\mingw-w64\bin;C:\Users\Playdata\anaconda3\Library\usr\bin;C:\Users\Playdata\anaconda3\Library\bin;C:\Users\Playdata\anaconda3\Scripts;C:\Users\Playdata\anaconda3\bin;C:\Users\Playdata\anaconda3\condabin;C:\Program Files\Java\jdk1.8.0_201\bin;C:\oraclexe\app\oracle\product\11.2.0\server\bin;C:\Program Files (x86)\Common Files\Oracle\Java\javapath;C:\WINDOWS\system32;C:\WINDOWS;C:\WINDOWS\System32\Wbem;C:\WINDOWS\System32\WindowsPowerShell\v1.0;C:\WINDOWS\System32\OpenSSH;C:\Program Files\Git\cmd;C:\Program Files\nodejs;C:\Program Files\Docker\Docker\resources\bin;C:\ProgramData\DockerDesktop\version-bin;C:\Users\Playdata\anaconda3;C:\Users\Playdata\anaconda3\Library\mingw-w64\bin;C:\Users\Playdata\anaconda3\Library\usr\bin;C:\Users\Playdata\anaconda3\Library\bin;C:\Users\Playdata\anaconda3\Scripts;C:\Program Files\MySQL\MySQL Shell 8.0\bin;C:\Ruby27-x64\bin;C:\Users\Playdata\AppData\Local\Microsoft\WindowsApps;C:\Program Files\Bandizip;C:\Users\Playdata\AppData\Local\Programs\Microsoft VS Code\bin;C:\Users\Playdata\AppData\Local\GitHubDesktop\bin;C:\Users\Playdata\AppData\Local\atom\bin;C:\Users\Playdata\AppData\Roaming\npm
USERNAME=Playdata
OS=Windows_NT
PROCESSOR_IDENTIFIER=Intel64 Family 6 Model 142 Stepping 9, GenuineIntel



---------------  S Y S T E M  ---------------

OS: Windows 10.0 , 64 bit Build 19041 (10.0.19041.804)

CPU:total 4 (initial active 4) (2 cores per cpu, 2 threads per core) family 6 model 142 stepping 9, cmov, cx8, fxsr, mmx, sse, sse2, sse3, ssse3, sse4.1, sse4.2, popcnt, avx, avx2, aes, clmul, erms, 3dnowpref, lzcnt, ht, tsc, tscinvbit, bmi1, bmi2, adx

Memory: 4k page, physical 16689904k(6944136k free), swap 19180272k(4439668k free)

vm_info: Java HotSpot(TM) 64-Bit Server VM (25.201-b09) for windows-amd64 JRE (1.8.0_201-b09), built on Dec 15 2018 18:36:39 by "java_re" with MS VC++ 10.0 (VS2010)

time: Thu Mar 25 09:47:30 2021
timezone: 대한민국 표준시
elapsed time: 0 seconds (0d 0h 0m 0s)

